<?xml version="1.0" encoding="UTF-8"?>
<testsuite xmlns:xsi="http://www.w3.org/2001/XMLSchema-instance" xsi:noNamespaceSchemaLocation="https://maven.apache.org/surefire/maven-surefire-plugin/xsd/surefire-test-report.xsd" name="oy.tol.tra.ParenthesisTests" time="0.05" tests="6" errors="0" skipped="0" failures="0">
  <properties>
[...]
</properties>
  <testcase name="simpleCorrectParenthesisTest" classname="oy.tol.tra.ParenthesisTests" time="0.017"/>
  <testcase name="simpleIncorrectParenthesisTest1" classname="oy.tol.tra.ParenthesisTests" time="0.01"/>
  <testcase name="simpleIncorrectParenthesisTest2" classname="oy.tol.tra.ParenthesisTests" time="0"/>
  <testcase name="correctJavaParenthesisTest" classname="oy.tol.tra.ParenthesisTests" time="0"/>
  <testcase name="incorrectJSONParenthesisTest1" classname="oy.tol.tra.ParenthesisTests" time="0"/>
  <testcase name="incorrectJSONParenthesisTest2" classname="oy.tol.tra.ParenthesisTests" time="0.013"/>
</testsuite>